c:\users\zach\documents\visual studio 2013\projects\cccp\client server\client server\debug\vc120.pdb
c:\users\zach\documents\visual studio 2013\projects\cccp\client server\client server\debug\vc120.idb
c:\users\zach\documents\visual studio 2013\projects\cccp\client server\client server\debug\cccp.obj
c:\users\zach\documents\visual studio 2013\projects\cccp\client server\client server\debug\cccpclient.obj
c:\users\zach\documents\visual studio 2013\projects\cccp\client server\client server\debug\cccpclientcommands.obj
c:\users\zach\documents\visual studio 2013\projects\cccp\client server\client server\debug\cccpcommands.obj
c:\users\zach\documents\visual studio 2013\projects\cccp\client server\client server\debug\cccpserver.obj
c:\users\zach\documents\visual studio 2013\projects\cccp\client server\client server\debug\cccpservercommands.obj
c:\users\zach\documents\visual studio 2013\projects\cccp\client server\client server\debug\cmdrunner.obj
c:\users\zach\documents\visual studio 2013\projects\cccp\client server\client server\debug\database.obj
c:\users\zach\documents\visual studio 2013\projects\cccp\client server\client server\debug\md5.obj
c:\users\zach\documents\visual studio 2013\projects\cccp\client server\client server\debug\main.obj
c:\users\zach\documents\visual studio 2013\projects\cccp\client server\client server\debug\preprocessor.obj
c:\users\zach\documents\visual studio 2013\projects\cccp\client server\client server\debug\tcpclient.obj
c:\users\zach\documents\visual studio 2013\projects\cccp\client server\client server\debug\tcpserver.obj
c:\users\zach\documents\visual studio 2013\projects\cccp\client server\client server\debug\tcpsocket.obj
c:\users\zach\documents\visual studio 2013\projects\cccp\client server\debug\client server.ilk
c:\users\zach\documents\visual studio 2013\projects\cccp\client server\debug\client server.exe
c:\users\zach\documents\visual studio 2013\projects\cccp\client server\debug\client server.pdb
c:\users\zach\documents\visual studio 2013\projects\cccp\client server\client server\debug\client server.tlog\cl.command.1.tlog
c:\users\zach\documents\visual studio 2013\projects\cccp\client server\client server\debug\client server.tlog\cl.read.1.tlog
c:\users\zach\documents\visual studio 2013\projects\cccp\client server\client server\debug\client server.tlog\cl.write.1.tlog
c:\users\zach\documents\visual studio 2013\projects\cccp\client server\client server\debug\client server.tlog\link.command.1.tlog
c:\users\zach\documents\visual studio 2013\projects\cccp\client server\client server\debug\client server.tlog\link.read.1.tlog
c:\users\zach\documents\visual studio 2013\projects\cccp\client server\client server\debug\client server.tlog\link.write.1.tlog
